{"type":"server-started","port":52276,"host":"127.0.0.1","url_host":"localhost","url":"http://localhost:52276","screen_dir":"/Users/danielsimao/Documents/repos/personal/gospel/.superpowers/brainstorm/99946-1775142916/content","state_dir":"/Users/danielsimao/Documents/repos/personal/gospel/.superpowers/brainstorm/99946-1775142916/state"}
{"type":"screen-added","file":"/Users/danielsimao/Documents/repos/personal/gospel/.superpowers/brainstorm/99946-1775142916/content/page-structure.html"}
{"type":"screen-added","file":"/Users/danielsimao/Documents/repos/personal/gospel/.superpowers/brainstorm/99946-1775142916/content/page-structure-v2.html"}
{"type":"screen-added","file":"/Users/danielsimao/Documents/repos/personal/gospel/.superpowers/brainstorm/99946-1775142916/content/map-style.html"}
{"type":"screen-added","file":"/Users/danielsimao/Documents/repos/personal/gospel/.superpowers/brainstorm/99946-1775142916/content/waiting.html"}
{"type":"screen-added","file":"/Users/danielsimao/Documents/repos/personal/gospel/.superpowers/brainstorm/99946-1775142916/content/final-design.html"}
{"type":"screen-added","file":"/Users/danielsimao/Documents/repos/personal/gospel/.superpowers/brainstorm/99946-1775142916/content/final-design-v2.html"}
{"type":"screen-added","file":"/Users/danielsimao/Documents/repos/personal/gospel/.superpowers/brainstorm/99946-1775142916/content/final-design-v3.html"}
{"type":"screen-updated","file":"/Users/danielsimao/Documents/repos/personal/gospel/.superpowers/brainstorm/99946-1775142916/content/final-design-v3.html"}
{"type":"screen-updated","file":"/Users/danielsimao/Documents/repos/personal/gospel/.superpowers/brainstorm/99946-1775142916/content/final-design-v3.html"}
{"type":"screen-updated","file":"/Users/danielsimao/Documents/repos/personal/gospel/.superpowers/brainstorm/99946-1775142916/content/final-design-v3.html"}
{"type":"screen-updated","file":"/Users/danielsimao/Documents/repos/personal/gospel/.superpowers/brainstorm/99946-1775142916/content/final-design-v3.html"}
{"type":"screen-updated","file":"/Users/danielsimao/Documents/repos/personal/gospel/.superpowers/brainstorm/99946-1775142916/content/final-design-v3.html"}
{"type":"screen-updated","file":"/Users/danielsimao/Documents/repos/personal/gospel/.superpowers/brainstorm/99946-1775142916/content/final-design-v3.html"}
{"type":"screen-updated","file":"/Users/danielsimao/Documents/repos/personal/gospel/.superpowers/brainstorm/99946-1775142916/content/final-design-v3.html"}
{"type":"screen-updated","file":"/Users/danielsimao/Documents/repos/personal/gospel/.superpowers/brainstorm/99946-1775142916/content/final-design-v3.html"}
{"type":"screen-updated","file":"/Users/danielsimao/Documents/repos/personal/gospel/.superpowers/brainstorm/99946-1775142916/content/final-design-v3.html"}
{"type":"screen-updated","file":"/Users/danielsimao/Documents/repos/personal/gospel/.superpowers/brainstorm/99946-1775142916/content/final-design-v3.html"}
{"type":"screen-updated","file":"/Users/danielsimao/Documents/repos/personal/gospel/.superpowers/brainstorm/99946-1775142916/content/final-design-v3.html"}
{"type":"screen-updated","file":"/Users/danielsimao/Documents/repos/personal/gospel/.superpowers/brainstorm/99946-1775142916/content/final-design-v3.html"}
{"type":"server-stopped","reason":"idle timeout"}
